0 info it worked if it ends with ok
1 verbose cli [ 'C:\\nodist\\bin\\\\node.exe',
1 verbose cli   'C:\\nodist\\bin\\node_modules\\npm\\bin\\npm-cli.js',
1 verbose cli   'version',
1 verbose cli   '0.0.3' ]
2 info using npm@2.6.0
3 info using node@v0.11.14
4 verbose node symlink C:\nodist\bin\\node.exe
5 info git [ 'status', '--porcelain' ]
6 verbose stack Error: Git working directory not clean.
6 verbose stack D chromeContext.jquery.json
6 verbose stack M package.json
6 verbose stack     at C:\nodist\bin\node_modules\npm\lib\version.js:138:37
6 verbose stack     at ChildProcess.exithandler (child_process.js:723:7)
6 verbose stack     at ChildProcess.emit (events.js:110:17)
6 verbose stack     at maybeClose (child_process.js:1000:16)
6 verbose stack     at Socket.<anonymous> (child_process.js:1168:11)
6 verbose stack     at Socket.emit (events.js:107:17)
6 verbose stack     at Pipe.close (net.js:461:12)
7 verbose cwd C:\Users\Travis\Dropbox\Code\GitHub\jquery-chromeContext
8 error Windows_NT 6.1.7601
9 error argv "C:\\nodist\\bin\\\\node.exe" "C:\\nodist\\bin\\node_modules\\npm\\bin\\npm-cli.js" "version" "0.0.3"
10 error node v0.11.14
11 error npm  v2.6.0
12 error Git working directory not clean.
12 error D chromeContext.jquery.json
12 error M package.json
13 error If you need help, you may report this error at:
13 error     <http://github.com/npm/npm/issues>
14 verbose exit [ 1, true ]
